[2026-05-09 09:44:38] [INFO] [collect_faces] Mengumpulkan foto untuk: Andi Pratama
[2026-05-09 09:44:38] [INFO] [collect_faces] Foto sudah ada: 0 | Target: 80
[2026-05-09 09:44:38] [INFO] [collect_faces] Simpan ke: E:\RISETCPS\ml_boostify\ml\dataset\raw\Andi Pratama
[2026-05-09 09:44:39] [INFO] [collect_faces] 
Kontrol:
[2026-05-09 09:51:18] [INFO] [collect_faces] Mengumpulkan foto untuk: Nama Orang
[2026-05-09 09:51:18] [INFO] [collect_faces] Foto sudah ada: 0 | Target: 80
[2026-05-09 09:51:18] [INFO] [collect_faces] Simpan ke: E:\RISETCPS\ml_boostify\ml\dataset\raw\Nama Orang
[2026-05-09 09:51:19] [INFO] [collect_faces] 
Kontrol:
[2026-05-09 09:52:47] [INFO] [collect_faces] Mengumpulkan foto untuk: Nama Orang
[2026-05-09 09:52:47] [INFO] [collect_faces] Foto sudah ada: 0 | Target: 80
[2026-05-09 09:52:47] [INFO] [collect_faces] Simpan ke: E:\RISETCPS\ml_boostify\ml\dataset\raw\Nama Orang
[2026-05-09 09:52:48] [INFO] [collect_faces] 
Kontrol:
[2026-05-09 09:53:04] [INFO] [collect_faces] Auto-capture: ON
[2026-05-09 09:53:47] [INFO] [collect_faces] Foto sudah cukup. Sekarang jalankan:
[2026-05-09 09:53:47] [INFO] [collect_faces]   1. python preprocess.py
[2026-05-09 09:53:47] [INFO] [collect_faces]   2. python train.py
[2026-05-09 09:54:22] [INFO] [preprocess] Ditemukan 2 orang: ['Andi Pratama', 'Nama Orang']
[2026-05-09 09:54:22] [WARNING] [preprocess] [Andi Pratama] hanya 0 foto (min: 10). Disarankan tambah foto.
[2026-05-09 09:54:22] [INFO] [preprocess] [Andi Pratama] Memproses 0 foto ...
[2026-05-09 09:54:22] [INFO] [preprocess] [Nama Orang] Memproses 80 foto ...
[2026-05-09 09:54:26] [WARNING] [preprocess]   Wajah tidak terdeteksi: img_0002.jpg
[2026-05-09 09:54:26] [WARNING] [preprocess]   Wajah tidak terdeteksi: img_0003.jpg
[2026-05-09 09:54:26] [WARNING] [preprocess]   Wajah tidak terdeteksi: img_0004.jpg
[2026-05-09 09:54:26] [WARNING] [preprocess]   Wajah tidak terdeteksi: img_0005.jpg
[2026-05-09 09:54:26] [WARNING] [preprocess]   Wajah tidak terdeteksi: img_0006.jpg
[2026-05-09 09:54:26] [WARNING] [preprocess]   Wajah tidak terdeteksi: img_0007.jpg
[2026-05-09 09:54:26] [WARNING] [preprocess]   Wajah tidak terdeteksi: img_0008.jpg
[2026-05-09 09:54:26] [WARNING] [preprocess]   Wajah tidak terdeteksi: img_0009.jpg
[2026-05-09 09:54:26] [WARNING] [preprocess]   Wajah tidak terdeteksi: img_0010.jpg
[2026-05-09 09:54:26] [WARNING] [preprocess]   Wajah tidak terdeteksi: img_0011.jpg
[2026-05-09 09:54:26] [WARNING] [preprocess]   Wajah tidak terdeteksi: img_0012.jpg
[2026-05-09 09:54:26] [WARNING] [preprocess]   Wajah tidak terdeteksi: img_0013.jpg
[2026-05-09 09:54:26] [WARNING] [preprocess]   Wajah tidak terdeteksi: img_0014.jpg
[2026-05-09 09:54:26] [WARNING] [preprocess]   Wajah tidak terdeteksi: img_0015.jpg
[2026-05-09 09:54:27] [WARNING] [preprocess]   Wajah tidak terdeteksi: img_0016.jpg
[2026-05-09 09:54:27] [WARNING] [preprocess]   Wajah tidak terdeteksi: img_0017.jpg
[2026-05-09 09:54:28] [WARNING] [preprocess]   Wajah tidak terdeteksi: img_0040.jpg
[2026-05-09 09:54:30] [WARNING] [preprocess]   Wajah tidak terdeteksi: img_0055.jpg
[2026-05-09 09:54:30] [WARNING] [preprocess]   Wajah tidak terdeteksi: img_0057.jpg
[2026-05-09 09:54:30] [WARNING] [preprocess]   Wajah tidak terdeteksi: img_0058.jpg
[2026-05-09 09:54:30] [WARNING] [preprocess]   Wajah tidak terdeteksi: img_0060.jpg
[2026-05-09 09:54:30] [WARNING] [preprocess]   Wajah tidak terdeteksi: img_0061.jpg
[2026-05-09 09:54:30] [WARNING] [preprocess]   Wajah tidak terdeteksi: img_0062.jpg
[2026-05-09 09:54:31] [WARNING] [preprocess]   Wajah tidak terdeteksi: img_0063.jpg
[2026-05-09 09:54:31] [WARNING] [preprocess]   Wajah tidak terdeteksi: img_0065.jpg
[2026-05-09 09:54:31] [WARNING] [preprocess]   Wajah tidak terdeteksi: img_0066.jpg
[2026-05-09 09:54:31] [WARNING] [preprocess]   Wajah tidak terdeteksi: img_0067.jpg
[2026-05-09 09:54:31] [WARNING] [preprocess]   Wajah tidak terdeteksi: img_0072.jpg
[2026-05-09 09:54:31] [WARNING] [preprocess]   Wajah tidak terdeteksi: img_0074.jpg
[2026-05-09 09:54:31] [WARNING] [preprocess]   Wajah tidak terdeteksi: img_0077.jpg
[2026-05-09 09:54:32] [INFO] [preprocess] 
==================================================
[2026-05-09 09:54:32] [INFO] [preprocess] PREPROCESSING SELESAI
[2026-05-09 09:54:32] [INFO] [preprocess] Total foto berhasil diproses : 300
[2026-05-09 09:54:32] [INFO] [preprocess] Total foto gagal             : 30
[2026-05-09 09:54:32] [INFO] [preprocess] Output di: E:\RISETCPS\ml_boostify\ml\dataset\processed
[2026-05-09 09:54:49] [INFO] [train] Loading model ArcFace (pertama kali mungkin download ~100MB) ...
[2026-05-09 09:54:49] [ERROR] [train] DeepFace belum terinstall! Jalankan: pip install deepface
[2026-05-09 10:01:31] [INFO] [train] Loading model ArcFace (pertama kali mungkin download ~100MB) ...
[2026-05-09 10:03:49] [INFO] [train] Loading model ArcFace (pertama kali mungkin download ~100MB) ...
[2026-05-09 10:03:56] [INFO] [train] 
Mulai training untuk 2 orang ...

[2026-05-09 10:03:56] [WARNING] [train] [Andi Pratama] Foto kurang (0), dilewati.
[2026-05-09 10:03:56] [INFO] [train] [Nama Orang] Mengekstrak embedding dari 300 foto ...
[2026-05-09 10:06:43] [INFO] [train]   [Nama Orang] ✅ Berhasil: 300 | ❌ Gagal: 0 | Embedding shape: (512,)
[2026-05-09 10:06:43] [INFO] [train] 
==================================================
[2026-05-09 10:06:43] [INFO] [train] ✅ TRAINING SELESAI
[2026-05-09 10:06:43] [INFO] [train] Total orang terdaftar : 1
[2026-05-09 10:06:43] [INFO] [train] Nama terdaftar        : ['Nama Orang']
[2026-05-09 10:06:43] [INFO] [train] File embedding        : E:\RISETCPS\ml_boostify\ml\models\embeddings.pkl
[2026-05-09 10:06:43] [INFO] [train] File labels           : E:\RISETCPS\ml_boostify\ml\models\labels.pkl
[2026-05-09 10:06:43] [INFO] [train] ==================================================
[2026-05-09 10:06:43] [INFO] [train] Sekarang copy folder models/ ke Raspberry Pi.
[2026-05-09 10:08:24] [INFO] [predict] Test predict.py — Mode Realtime
[2026-05-09 10:08:24] [INFO] [predict] Inisialisasi FaceRecognizer ...
[2026-05-09 10:08:24] [INFO] [predict] Database dimuat: ['Nama Orang']
[2026-05-09 10:08:32] [INFO] [predict] Loading model ArcFace (mungkin butuh beberapa detik) ...
[2026-05-09 10:08:34] [INFO] [predict] Model ArcFace siap.
[2026-05-09 10:08:34] [INFO] [predict] ✅ FaceRecognizer siap. 1 orang terdaftar.
[2026-05-09 10:08:35] [INFO] [predict] Kamera aktif. Tekan 'q' untuk keluar.
[2026-05-09 10:12:05] [INFO] [predict] Test predict.py — Mode Realtime
[2026-05-09 10:12:05] [INFO] [predict] Inisialisasi FaceRecognizer ...
[2026-05-09 10:12:05] [INFO] [predict] Database dimuat: ['Nama Orang']
[2026-05-09 10:12:13] [INFO] [predict] Loading model ArcFace (mungkin butuh beberapa detik) ...
[2026-05-09 10:12:16] [INFO] [predict] Model ArcFace siap.
[2026-05-09 10:12:16] [INFO] [predict] ✅ FaceRecognizer siap. 1 orang terdaftar.
[2026-05-09 10:12:17] [INFO] [predict] Kamera aktif. Tekan 'q' untuk keluar.
[2026-05-09 10:14:41] [INFO] [predict] Test predict.py — Mode Realtime
[2026-05-09 10:14:41] [INFO] [predict] Inisialisasi FaceRecognizer ...
[2026-05-09 10:14:41] [INFO] [predict] Database dimuat: ['Nama Orang']
[2026-05-09 10:14:49] [INFO] [predict] Loading model ArcFace (mungkin butuh beberapa detik) ...
[2026-05-09 10:14:51] [INFO] [predict] Model ArcFace siap.
[2026-05-09 10:14:51] [INFO] [predict] ✅ FaceRecognizer siap. 1 orang terdaftar.
[2026-05-09 10:14:52] [INFO] [predict] Kamera aktif. Tekan 'q' untuk keluar.
[2026-05-09 10:17:30] [INFO] [collect_faces] Mengumpulkan foto untuk: daffa
[2026-05-09 10:17:30] [INFO] [collect_faces] Foto sudah ada: 0 | Target: 200
[2026-05-09 10:17:30] [INFO] [collect_faces] Simpan ke: E:\RISETCPS\ml_boostify\ml\dataset\raw\daffa
[2026-05-09 10:17:31] [INFO] [collect_faces] 
Kontrol:
[2026-05-09 10:17:31] [INFO] [collect_faces]   SPACE → Ambil foto
[2026-05-09 10:17:31] [INFO] [collect_faces]   A     → Toggle auto-capture
[2026-05-09 10:17:31] [INFO] [collect_faces]   Q     → Selesai

[2026-05-09 10:17:37] [INFO] [collect_faces] Auto-capture: ON
[2026-05-09 10:17:37] [INFO] [collect_faces]   📸 [1/200] E:\RISETCPS\ml_boostify\ml\dataset\raw\daffa\img_0001.jpg
[2026-05-09 10:17:38] [INFO] [collect_faces]   📸 [2/200] E:\RISETCPS\ml_boostify\ml\dataset\raw\daffa\img_0002.jpg
[2026-05-09 10:17:38] [INFO] [collect_faces]   📸 [3/200] E:\RISETCPS\ml_boostify\ml\dataset\raw\daffa\img_0003.jpg
[2026-05-09 10:17:39] [INFO] [collect_faces]   📸 [4/200] E:\RISETCPS\ml_boostify\ml\dataset\raw\daffa\img_0004.jpg
[2026-05-09 10:17:39] [INFO] [collect_faces]   📸 [5/200] E:\RISETCPS\ml_boostify\ml\dataset\raw\daffa\img_0005.jpg
[2026-05-09 10:17:40] [INFO] [collect_faces]   📸 [6/200] E:\RISETCPS\ml_boostify\ml\dataset\raw\daffa\img_0006.jpg
[2026-05-09 10:17:40] [INFO] [collect_faces]   📸 [7/200] E:\RISETCPS\ml_boostify\ml\dataset\raw\daffa\img_0007.jpg
[2026-05-09 10:17:41] [INFO] [collect_faces]   📸 [8/200] E:\RISETCPS\ml_boostify\ml\dataset\raw\daffa\img_0008.jpg
[2026-05-09 10:17:41] [INFO] [collect_faces]   📸 [9/200] E:\RISETCPS\ml_boostify\ml\dataset\raw\daffa\img_0009.jpg
[2026-05-09 10:17:42] [INFO] [collect_faces]   📸 [10/200] E:\RISETCPS\ml_boostify\ml\dataset\raw\daffa\img_0010.jpg
[2026-05-09 10:17:43] [INFO] [collect_faces]   📸 [11/200] E:\RISETCPS\ml_boostify\ml\dataset\raw\daffa\img_0011.jpg
[2026-05-09 10:17:43] [INFO] [collect_faces]   📸 [12/200] E:\RISETCPS\ml_boostify\ml\dataset\raw\daffa\img_0012.jpg
[2026-05-09 10:17:44] [INFO] [collect_faces]   📸 [13/200] E:\RISETCPS\ml_boostify\ml\dataset\raw\daffa\img_0013.jpg
[2026-05-09 10:17:44] [INFO] [collect_faces]   📸 [14/200] E:\RISETCPS\ml_boostify\ml\dataset\raw\daffa\img_0014.jpg
[2026-05-09 10:17:45] [INFO] [collect_faces]   📸 [15/200] E:\RISETCPS\ml_boostify\ml\dataset\raw\daffa\img_0015.jpg
[2026-05-09 10:17:45] [INFO] [collect_faces]   📸 [16/200] E:\RISETCPS\ml_boostify\ml\dataset\raw\daffa\img_0016.jpg
[2026-05-09 10:17:46] [INFO] [collect_faces]   📸 [17/200] E:\RISETCPS\ml_boostify\ml\dataset\raw\daffa\img_0017.jpg
[2026-05-09 10:17:46] [INFO] [collect_faces]   📸 [18/200] E:\RISETCPS\ml_boostify\ml\dataset\raw\daffa\img_0018.jpg
[2026-05-09 10:17:47] [INFO] [collect_faces]   📸 [19/200] E:\RISETCPS\ml_boostify\ml\dataset\raw\daffa\img_0019.jpg
[2026-05-09 10:17:47] [INFO] [collect_faces]   📸 [20/200] E:\RISETCPS\ml_boostify\ml\dataset\raw\daffa\img_0020.jpg
[2026-05-09 10:17:48] [INFO] [collect_faces]   📸 [21/200] E:\RISETCPS\ml_boostify\ml\dataset\raw\daffa\img_0021.jpg
[2026-05-09 10:17:48] [INFO] [collect_faces]   📸 [22/200] E:\RISETCPS\ml_boostify\ml\dataset\raw\daffa\img_0022.jpg
[2026-05-09 10:17:49] [INFO] [collect_faces]   📸 [23/200] E:\RISETCPS\ml_boostify\ml\dataset\raw\daffa\img_0023.jpg
[2026-05-09 10:17:49] [INFO] [collect_faces]   📸 [24/200] E:\RISETCPS\ml_boostify\ml\dataset\raw\daffa\img_0024.jpg
[2026-05-09 10:17:50] [INFO] [collect_faces]   📸 [25/200] E:\RISETCPS\ml_boostify\ml\dataset\raw\daffa\img_0025.jpg
[2026-05-09 10:17:50] [INFO] [collect_faces]   📸 [26/200] E:\RISETCPS\ml_boostify\ml\dataset\raw\daffa\img_0026.jpg
[2026-05-09 10:17:51] [INFO] [collect_faces]   📸 [27/200] E:\RISETCPS\ml_boostify\ml\dataset\raw\daffa\img_0027.jpg
[2026-05-09 10:17:52] [INFO] [collect_faces]   📸 [28/200] E:\RISETCPS\ml_boostify\ml\dataset\raw\daffa\img_0028.jpg
[2026-05-09 10:17:52] [INFO] [collect_faces]   📸 [29/200] E:\RISETCPS\ml_boostify\ml\dataset\raw\daffa\img_0029.jpg
[2026-05-09 10:17:53] [INFO] [collect_faces]   📸 [30/200] E:\RISETCPS\ml_boostify\ml\dataset\raw\daffa\img_0030.jpg
[2026-05-09 10:17:53] [INFO] [collect_faces]   📸 [31/200] E:\RISETCPS\ml_boostify\ml\dataset\raw\daffa\img_0031.jpg
[2026-05-09 10:17:54] [INFO] [collect_faces]   📸 [32/200] E:\RISETCPS\ml_boostify\ml\dataset\raw\daffa\img_0032.jpg
[2026-05-09 10:17:54] [INFO] [collect_faces]   📸 [33/200] E:\RISETCPS\ml_boostify\ml\dataset\raw\daffa\img_0033.jpg
[2026-05-09 10:17:55] [INFO] [collect_faces]   📸 [34/200] E:\RISETCPS\ml_boostify\ml\dataset\raw\daffa\img_0034.jpg
[2026-05-09 10:17:55] [INFO] [collect_faces]   📸 [35/200] E:\RISETCPS\ml_boostify\ml\dataset\raw\daffa\img_0035.jpg
[2026-05-09 10:17:56] [INFO] [collect_faces]   📸 [36/200] E:\RISETCPS\ml_boostify\ml\dataset\raw\daffa\img_0036.jpg
[2026-05-09 10:17:56] [INFO] [collect_faces]   📸 [37/200] E:\RISETCPS\ml_boostify\ml\dataset\raw\daffa\img_0037.jpg
[2026-05-09 10:17:57] [INFO] [collect_faces]   📸 [38/200] E:\RISETCPS\ml_boostify\ml\dataset\raw\daffa\img_0038.jpg
[2026-05-09 10:17:57] [INFO] [collect_faces]   📸 [39/200] E:\RISETCPS\ml_boostify\ml\dataset\raw\daffa\img_0039.jpg
[2026-05-09 10:17:58] [INFO] [collect_faces]   📸 [40/200] E:\RISETCPS\ml_boostify\ml\dataset\raw\daffa\img_0040.jpg
[2026-05-09 10:17:58] [INFO] [collect_faces]   📸 [41/200] E:\RISETCPS\ml_boostify\ml\dataset\raw\daffa\img_0041.jpg
[2026-05-09 10:17:59] [INFO] [collect_faces]   📸 [42/200] E:\RISETCPS\ml_boostify\ml\dataset\raw\daffa\img_0042.jpg
[2026-05-09 10:17:59] [INFO] [collect_faces]   📸 [43/200] E:\RISETCPS\ml_boostify\ml\dataset\raw\daffa\img_0043.jpg
[2026-05-09 10:18:00] [INFO] [collect_faces]   📸 [44/200] E:\RISETCPS\ml_boostify\ml\dataset\raw\daffa\img_0044.jpg
[2026-05-09 10:18:00] [INFO] [collect_faces]   📸 [45/200] E:\RISETCPS\ml_boostify\ml\dataset\raw\daffa\img_0045.jpg
[2026-05-09 10:18:01] [INFO] [collect_faces]   📸 [46/200] E:\RISETCPS\ml_boostify\ml\dataset\raw\daffa\img_0046.jpg
[2026-05-09 10:18:01] [INFO] [collect_faces]   📸 [47/200] E:\RISETCPS\ml_boostify\ml\dataset\raw\daffa\img_0047.jpg
[2026-05-09 10:18:02] [INFO] [collect_faces]   📸 [48/200] E:\RISETCPS\ml_boostify\ml\dataset\raw\daffa\img_0048.jpg
[2026-05-09 10:18:03] [INFO] [collect_faces]   📸 [49/200] E:\RISETCPS\ml_boostify\ml\dataset\raw\daffa\img_0049.jpg
[2026-05-09 10:18:03] [INFO] [collect_faces]   📸 [50/200] E:\RISETCPS\ml_boostify\ml\dataset\raw\daffa\img_0050.jpg
[2026-05-09 10:18:04] [INFO] [collect_faces]   📸 [51/200] E:\RISETCPS\ml_boostify\ml\dataset\raw\daffa\img_0051.jpg
[2026-05-09 10:18:04] [INFO] [collect_faces]   📸 [52/200] E:\RISETCPS\ml_boostify\ml\dataset\raw\daffa\img_0052.jpg
[2026-05-09 10:18:05] [INFO] [collect_faces]   📸 [53/200] E:\RISETCPS\ml_boostify\ml\dataset\raw\daffa\img_0053.jpg
[2026-05-09 10:18:05] [INFO] [collect_faces]   📸 [54/200] E:\RISETCPS\ml_boostify\ml\dataset\raw\daffa\img_0054.jpg
[2026-05-09 10:18:06] [INFO] [collect_faces]   📸 [55/200] E:\RISETCPS\ml_boostify\ml\dataset\raw\daffa\img_0055.jpg
[2026-05-09 10:18:06] [INFO] [collect_faces]   📸 [56/200] E:\RISETCPS\ml_boostify\ml\dataset\raw\daffa\img_0056.jpg
[2026-05-09 10:18:07] [INFO] [collect_faces]   📸 [57/200] E:\RISETCPS\ml_boostify\ml\dataset\raw\daffa\img_0057.jpg
[2026-05-09 10:18:07] [INFO] [collect_faces]   📸 [58/200] E:\RISETCPS\ml_boostify\ml\dataset\raw\daffa\img_0058.jpg
[2026-05-09 10:18:08] [INFO] [collect_faces]   📸 [59/200] E:\RISETCPS\ml_boostify\ml\dataset\raw\daffa\img_0059.jpg
[2026-05-09 10:18:08] [INFO] [collect_faces]   📸 [60/200] E:\RISETCPS\ml_boostify\ml\dataset\raw\daffa\img_0060.jpg
[2026-05-09 10:18:09] [INFO] [collect_faces]   📸 [61/200] E:\RISETCPS\ml_boostify\ml\dataset\raw\daffa\img_0061.jpg
[2026-05-09 10:18:09] [INFO] [collect_faces]   📸 [62/200] E:\RISETCPS\ml_boostify\ml\dataset\raw\daffa\img_0062.jpg
[2026-05-09 10:18:10] [INFO] [collect_faces]   📸 [63/200] E:\RISETCPS\ml_boostify\ml\dataset\raw\daffa\img_0063.jpg
[2026-05-09 10:18:10] [INFO] [collect_faces]   📸 [64/200] E:\RISETCPS\ml_boostify\ml\dataset\raw\daffa\img_0064.jpg
[2026-05-09 10:18:11] [INFO] [collect_faces]   📸 [65/200] E:\RISETCPS\ml_boostify\ml\dataset\raw\daffa\img_0065.jpg
[2026-05-09 10:18:12] [INFO] [collect_faces]   📸 [66/200] E:\RISETCPS\ml_boostify\ml\dataset\raw\daffa\img_0066.jpg
[2026-05-09 10:18:12] [INFO] [collect_faces]   📸 [67/200] E:\RISETCPS\ml_boostify\ml\dataset\raw\daffa\img_0067.jpg
[2026-05-09 10:18:13] [INFO] [collect_faces]   📸 [68/200] E:\RISETCPS\ml_boostify\ml\dataset\raw\daffa\img_0068.jpg
[2026-05-09 10:18:13] [INFO] [collect_faces]   📸 [69/200] E:\RISETCPS\ml_boostify\ml\dataset\raw\daffa\img_0069.jpg
[2026-05-09 10:18:14] [INFO] [collect_faces]   📸 [70/200] E:\RISETCPS\ml_boostify\ml\dataset\raw\daffa\img_0070.jpg
[2026-05-09 10:18:14] [INFO] [collect_faces]   📸 [71/200] E:\RISETCPS\ml_boostify\ml\dataset\raw\daffa\img_0071.jpg
[2026-05-09 10:18:15] [INFO] [collect_faces]   📸 [72/200] E:\RISETCPS\ml_boostify\ml\dataset\raw\daffa\img_0072.jpg
[2026-05-09 10:18:15] [INFO] [collect_faces]   📸 [73/200] E:\RISETCPS\ml_boostify\ml\dataset\raw\daffa\img_0073.jpg
[2026-05-09 10:18:16] [INFO] [collect_faces]   📸 [74/200] E:\RISETCPS\ml_boostify\ml\dataset\raw\daffa\img_0074.jpg
[2026-05-09 10:18:16] [INFO] [collect_faces]   📸 [75/200] E:\RISETCPS\ml_boostify\ml\dataset\raw\daffa\img_0075.jpg
[2026-05-09 10:18:17] [INFO] [collect_faces]   📸 [76/200] E:\RISETCPS\ml_boostify\ml\dataset\raw\daffa\img_0076.jpg
[2026-05-09 10:18:17] [INFO] [collect_faces]   📸 [77/200] E:\RISETCPS\ml_boostify\ml\dataset\raw\daffa\img_0077.jpg
[2026-05-09 10:18:18] [INFO] [collect_faces]   📸 [78/200] E:\RISETCPS\ml_boostify\ml\dataset\raw\daffa\img_0078.jpg
[2026-05-09 10:18:18] [INFO] [collect_faces]   📸 [79/200] E:\RISETCPS\ml_boostify\ml\dataset\raw\daffa\img_0079.jpg
[2026-05-09 10:18:19] [INFO] [collect_faces]   📸 [80/200] E:\RISETCPS\ml_boostify\ml\dataset\raw\daffa\img_0080.jpg
[2026-05-09 10:18:19] [INFO] [collect_faces]   📸 [81/200] E:\RISETCPS\ml_boostify\ml\dataset\raw\daffa\img_0081.jpg
[2026-05-09 10:18:20] [INFO] [collect_faces]   📸 [82/200] E:\RISETCPS\ml_boostify\ml\dataset\raw\daffa\img_0082.jpg
[2026-05-09 10:18:21] [INFO] [collect_faces]   📸 [83/200] E:\RISETCPS\ml_boostify\ml\dataset\raw\daffa\img_0083.jpg
[2026-05-09 10:18:21] [INFO] [collect_faces]   📸 [84/200] E:\RISETCPS\ml_boostify\ml\dataset\raw\daffa\img_0084.jpg
[2026-05-09 10:18:22] [INFO] [collect_faces]   📸 [85/200] E:\RISETCPS\ml_boostify\ml\dataset\raw\daffa\img_0085.jpg
[2026-05-09 10:18:22] [INFO] [collect_faces]   📸 [86/200] E:\RISETCPS\ml_boostify\ml\dataset\raw\daffa\img_0086.jpg
[2026-05-09 10:18:23] [INFO] [collect_faces]   📸 [87/200] E:\RISETCPS\ml_boostify\ml\dataset\raw\daffa\img_0087.jpg
[2026-05-09 10:18:23] [INFO] [collect_faces]   📸 [88/200] E:\RISETCPS\ml_boostify\ml\dataset\raw\daffa\img_0088.jpg
[2026-05-09 10:18:24] [INFO] [collect_faces]   📸 [89/200] E:\RISETCPS\ml_boostify\ml\dataset\raw\daffa\img_0089.jpg
[2026-05-09 10:18:24] [INFO] [collect_faces]   📸 [90/200] E:\RISETCPS\ml_boostify\ml\dataset\raw\daffa\img_0090.jpg
[2026-05-09 10:18:25] [INFO] [collect_faces]   📸 [91/200] E:\RISETCPS\ml_boostify\ml\dataset\raw\daffa\img_0091.jpg
[2026-05-09 10:18:25] [INFO] [collect_faces]   📸 [92/200] E:\RISETCPS\ml_boostify\ml\dataset\raw\daffa\img_0092.jpg
[2026-05-09 10:18:26] [INFO] [collect_faces]   📸 [93/200] E:\RISETCPS\ml_boostify\ml\dataset\raw\daffa\img_0093.jpg
[2026-05-09 10:18:26] [INFO] [collect_faces]   📸 [94/200] E:\RISETCPS\ml_boostify\ml\dataset\raw\daffa\img_0094.jpg
[2026-05-09 10:18:27] [INFO] [collect_faces]   📸 [95/200] E:\RISETCPS\ml_boostify\ml\dataset\raw\daffa\img_0095.jpg
[2026-05-09 10:18:27] [INFO] [collect_faces]   📸 [96/200] E:\RISETCPS\ml_boostify\ml\dataset\raw\daffa\img_0096.jpg
[2026-05-09 10:18:28] [INFO] [collect_faces]   📸 [97/200] E:\RISETCPS\ml_boostify\ml\dataset\raw\daffa\img_0097.jpg
[2026-05-09 10:18:28] [INFO] [collect_faces]   📸 [98/200] E:\RISETCPS\ml_boostify\ml\dataset\raw\daffa\img_0098.jpg
[2026-05-09 10:18:29] [INFO] [collect_faces]   📸 [99/200] E:\RISETCPS\ml_boostify\ml\dataset\raw\daffa\img_0099.jpg
[2026-05-09 10:18:29] [INFO] [collect_faces]   📸 [100/200] E:\RISETCPS\ml_boostify\ml\dataset\raw\daffa\img_0100.jpg
[2026-05-09 10:18:30] [INFO] [collect_faces]   📸 [101/200] E:\RISETCPS\ml_boostify\ml\dataset\raw\daffa\img_0101.jpg
[2026-05-09 10:18:31] [INFO] [collect_faces]   📸 [102/200] E:\RISETCPS\ml_boostify\ml\dataset\raw\daffa\img_0102.jpg
[2026-05-09 10:18:31] [INFO] [collect_faces]   📸 [103/200] E:\RISETCPS\ml_boostify\ml\dataset\raw\daffa\img_0103.jpg
[2026-05-09 10:18:32] [INFO] [collect_faces]   📸 [104/200] E:\RISETCPS\ml_boostify\ml\dataset\raw\daffa\img_0104.jpg
[2026-05-09 10:18:32] [INFO] [collect_faces]   📸 [105/200] E:\RISETCPS\ml_boostify\ml\dataset\raw\daffa\img_0105.jpg
[2026-05-09 10:18:33] [INFO] [collect_faces]   📸 [106/200] E:\RISETCPS\ml_boostify\ml\dataset\raw\daffa\img_0106.jpg
[2026-05-09 10:18:33] [INFO] [collect_faces]   📸 [107/200] E:\RISETCPS\ml_boostify\ml\dataset\raw\daffa\img_0107.jpg
[2026-05-09 10:18:34] [INFO] [collect_faces]   📸 [108/200] E:\RISETCPS\ml_boostify\ml\dataset\raw\daffa\img_0108.jpg
[2026-05-09 10:18:34] [INFO] [collect_faces]   📸 [109/200] E:\RISETCPS\ml_boostify\ml\dataset\raw\daffa\img_0109.jpg
[2026-05-09 10:18:35] [INFO] [collect_faces]   📸 [110/200] E:\RISETCPS\ml_boostify\ml\dataset\raw\daffa\img_0110.jpg
[2026-05-09 10:18:35] [INFO] [collect_faces]   📸 [111/200] E:\RISETCPS\ml_boostify\ml\dataset\raw\daffa\img_0111.jpg
[2026-05-09 10:18:36] [INFO] [collect_faces]   📸 [112/200] E:\RISETCPS\ml_boostify\ml\dataset\raw\daffa\img_0112.jpg
[2026-05-09 10:18:36] [INFO] [collect_faces]   📸 [113/200] E:\RISETCPS\ml_boostify\ml\dataset\raw\daffa\img_0113.jpg
[2026-05-09 10:18:37] [INFO] [collect_faces]   📸 [114/200] E:\RISETCPS\ml_boostify\ml\dataset\raw\daffa\img_0114.jpg
[2026-05-09 10:18:37] [INFO] [collect_faces]   📸 [115/200] E:\RISETCPS\ml_boostify\ml\dataset\raw\daffa\img_0115.jpg
[2026-05-09 10:18:38] [INFO] [collect_faces]   📸 [116/200] E:\RISETCPS\ml_boostify\ml\dataset\raw\daffa\img_0116.jpg
[2026-05-09 10:18:38] [INFO] [collect_faces]   📸 [117/200] E:\RISETCPS\ml_boostify\ml\dataset\raw\daffa\img_0117.jpg
[2026-05-09 10:18:39] [INFO] [collect_faces]   📸 [118/200] E:\RISETCPS\ml_boostify\ml\dataset\raw\daffa\img_0118.jpg
[2026-05-09 10:18:40] [INFO] [collect_faces]   📸 [119/200] E:\RISETCPS\ml_boostify\ml\dataset\raw\daffa\img_0119.jpg
[2026-05-09 10:18:40] [INFO] [collect_faces]   📸 [120/200] E:\RISETCPS\ml_boostify\ml\dataset\raw\daffa\img_0120.jpg
[2026-05-09 10:18:41] [INFO] [collect_faces]   📸 [121/200] E:\RISETCPS\ml_boostify\ml\dataset\raw\daffa\img_0121.jpg
[2026-05-09 10:18:41] [INFO] [collect_faces]   📸 [122/200] E:\RISETCPS\ml_boostify\ml\dataset\raw\daffa\img_0122.jpg
[2026-05-09 10:18:42] [INFO] [collect_faces]   📸 [123/200] E:\RISETCPS\ml_boostify\ml\dataset\raw\daffa\img_0123.jpg
[2026-05-09 10:18:42] [INFO] [collect_faces]   📸 [124/200] E:\RISETCPS\ml_boostify\ml\dataset\raw\daffa\img_0124.jpg
[2026-05-09 10:18:43] [INFO] [collect_faces]   📸 [125/200] E:\RISETCPS\ml_boostify\ml\dataset\raw\daffa\img_0125.jpg
[2026-05-09 10:18:43] [INFO] [collect_faces]   📸 [126/200] E:\RISETCPS\ml_boostify\ml\dataset\raw\daffa\img_0126.jpg
[2026-05-09 10:18:44] [INFO] [collect_faces]   📸 [127/200] E:\RISETCPS\ml_boostify\ml\dataset\raw\daffa\img_0127.jpg
[2026-05-09 10:18:44] [INFO] [collect_faces]   📸 [128/200] E:\RISETCPS\ml_boostify\ml\dataset\raw\daffa\img_0128.jpg
[2026-05-09 10:18:45] [INFO] [collect_faces]   📸 [129/200] E:\RISETCPS\ml_boostify\ml\dataset\raw\daffa\img_0129.jpg
[2026-05-09 10:18:45] [INFO] [collect_faces]   📸 [130/200] E:\RISETCPS\ml_boostify\ml\dataset\raw\daffa\img_0130.jpg
[2026-05-09 10:18:46] [INFO] [collect_faces]   📸 [131/200] E:\RISETCPS\ml_boostify\ml\dataset\raw\daffa\img_0131.jpg
[2026-05-09 10:18:46] [INFO] [collect_faces]   📸 [132/200] E:\RISETCPS\ml_boostify\ml\dataset\raw\daffa\img_0132.jpg
[2026-05-09 10:18:47] [INFO] [collect_faces]   📸 [133/200] E:\RISETCPS\ml_boostify\ml\dataset\raw\daffa\img_0133.jpg
[2026-05-09 10:18:47] [INFO] [collect_faces]   📸 [134/200] E:\RISETCPS\ml_boostify\ml\dataset\raw\daffa\img_0134.jpg
[2026-05-09 10:18:48] [INFO] [collect_faces]   📸 [135/200] E:\RISETCPS\ml_boostify\ml\dataset\raw\daffa\img_0135.jpg
[2026-05-09 10:18:49] [INFO] [collect_faces]   📸 [136/200] E:\RISETCPS\ml_boostify\ml\dataset\raw\daffa\img_0136.jpg
[2026-05-09 10:18:49] [INFO] [collect_faces]   📸 [137/200] E:\RISETCPS\ml_boostify\ml\dataset\raw\daffa\img_0137.jpg
[2026-05-09 10:18:50] [INFO] [collect_faces]   📸 [138/200] E:\RISETCPS\ml_boostify\ml\dataset\raw\daffa\img_0138.jpg
[2026-05-09 10:18:50] [INFO] [collect_faces]   📸 [139/200] E:\RISETCPS\ml_boostify\ml\dataset\raw\daffa\img_0139.jpg
[2026-05-09 10:18:51] [INFO] [collect_faces]   📸 [140/200] E:\RISETCPS\ml_boostify\ml\dataset\raw\daffa\img_0140.jpg
[2026-05-09 10:18:51] [INFO] [collect_faces]   📸 [141/200] E:\RISETCPS\ml_boostify\ml\dataset\raw\daffa\img_0141.jpg
[2026-05-09 10:18:52] [INFO] [collect_faces]   📸 [142/200] E:\RISETCPS\ml_boostify\ml\dataset\raw\daffa\img_0142.jpg
[2026-05-09 10:18:52] [INFO] [collect_faces]   📸 [143/200] E:\RISETCPS\ml_boostify\ml\dataset\raw\daffa\img_0143.jpg
[2026-05-09 10:18:53] [INFO] [collect_faces]   📸 [144/200] E:\RISETCPS\ml_boostify\ml\dataset\raw\daffa\img_0144.jpg
[2026-05-09 10:18:53] [INFO] [collect_faces]   📸 [145/200] E:\RISETCPS\ml_boostify\ml\dataset\raw\daffa\img_0145.jpg
[2026-05-09 10:18:54] [INFO] [collect_faces]   📸 [146/200] E:\RISETCPS\ml_boostify\ml\dataset\raw\daffa\img_0146.jpg
[2026-05-09 10:18:54] [INFO] [collect_faces]   📸 [147/200] E:\RISETCPS\ml_boostify\ml\dataset\raw\daffa\img_0147.jpg
[2026-05-09 10:18:55] [INFO] [collect_faces]   📸 [148/200] E:\RISETCPS\ml_boostify\ml\dataset\raw\daffa\img_0148.jpg
[2026-05-09 10:18:55] [INFO] [collect_faces]   📸 [149/200] E:\RISETCPS\ml_boostify\ml\dataset\raw\daffa\img_0149.jpg
[2026-05-09 10:18:56] [INFO] [collect_faces]   📸 [150/200] E:\RISETCPS\ml_boostify\ml\dataset\raw\daffa\img_0150.jpg
[2026-05-09 10:18:56] [INFO] [collect_faces]   📸 [151/200] E:\RISETCPS\ml_boostify\ml\dataset\raw\daffa\img_0151.jpg
[2026-05-09 10:18:57] [INFO] [collect_faces]   📸 [152/200] E:\RISETCPS\ml_boostify\ml\dataset\raw\daffa\img_0152.jpg
[2026-05-09 10:18:58] [INFO] [collect_faces]   📸 [153/200] E:\RISETCPS\ml_boostify\ml\dataset\raw\daffa\img_0153.jpg
[2026-05-09 10:18:58] [INFO] [collect_faces]   📸 [154/200] E:\RISETCPS\ml_boostify\ml\dataset\raw\daffa\img_0154.jpg
[2026-05-09 10:18:59] [INFO] [collect_faces]   📸 [155/200] E:\RISETCPS\ml_boostify\ml\dataset\raw\daffa\img_0155.jpg
[2026-05-09 10:18:59] [INFO] [collect_faces]   📸 [156/200] E:\RISETCPS\ml_boostify\ml\dataset\raw\daffa\img_0156.jpg
[2026-05-09 10:19:00] [INFO] [collect_faces]   📸 [157/200] E:\RISETCPS\ml_boostify\ml\dataset\raw\daffa\img_0157.jpg
[2026-05-09 10:19:00] [INFO] [collect_faces]   📸 [158/200] E:\RISETCPS\ml_boostify\ml\dataset\raw\daffa\img_0158.jpg
[2026-05-09 10:19:01] [INFO] [collect_faces]   📸 [159/200] E:\RISETCPS\ml_boostify\ml\dataset\raw\daffa\img_0159.jpg
[2026-05-09 10:19:01] [INFO] [collect_faces]   📸 [160/200] E:\RISETCPS\ml_boostify\ml\dataset\raw\daffa\img_0160.jpg
[2026-05-09 10:19:02] [INFO] [collect_faces]   📸 [161/200] E:\RISETCPS\ml_boostify\ml\dataset\raw\daffa\img_0161.jpg
[2026-05-09 10:19:02] [INFO] [collect_faces]   📸 [162/200] E:\RISETCPS\ml_boostify\ml\dataset\raw\daffa\img_0162.jpg
[2026-05-09 10:19:03] [INFO] [collect_faces]   📸 [163/200] E:\RISETCPS\ml_boostify\ml\dataset\raw\daffa\img_0163.jpg
[2026-05-09 10:19:03] [INFO] [collect_faces]   📸 [164/200] E:\RISETCPS\ml_boostify\ml\dataset\raw\daffa\img_0164.jpg
[2026-05-09 10:19:04] [INFO] [collect_faces]   📸 [165/200] E:\RISETCPS\ml_boostify\ml\dataset\raw\daffa\img_0165.jpg
[2026-05-09 10:19:04] [INFO] [collect_faces]   📸 [166/200] E:\RISETCPS\ml_boostify\ml\dataset\raw\daffa\img_0166.jpg
[2026-05-09 10:19:05] [INFO] [collect_faces]   📸 [167/200] E:\RISETCPS\ml_boostify\ml\dataset\raw\daffa\img_0167.jpg
[2026-05-09 10:19:05] [INFO] [collect_faces]   📸 [168/200] E:\RISETCPS\ml_boostify\ml\dataset\raw\daffa\img_0168.jpg
[2026-05-09 10:19:06] [INFO] [collect_faces]   📸 [169/200] E:\RISETCPS\ml_boostify\ml\dataset\raw\daffa\img_0169.jpg
[2026-05-09 10:19:07] [INFO] [collect_faces]   📸 [170/200] E:\RISETCPS\ml_boostify\ml\dataset\raw\daffa\img_0170.jpg
[2026-05-09 10:19:07] [INFO] [collect_faces]   📸 [171/200] E:\RISETCPS\ml_boostify\ml\dataset\raw\daffa\img_0171.jpg
[2026-05-09 10:19:08] [INFO] [collect_faces]   📸 [172/200] E:\RISETCPS\ml_boostify\ml\dataset\raw\daffa\img_0172.jpg
[2026-05-09 10:19:08] [INFO] [collect_faces]   📸 [173/200] E:\RISETCPS\ml_boostify\ml\dataset\raw\daffa\img_0173.jpg
[2026-05-09 10:19:09] [INFO] [collect_faces]   📸 [174/200] E:\RISETCPS\ml_boostify\ml\dataset\raw\daffa\img_0174.jpg
[2026-05-09 10:19:09] [INFO] [collect_faces]   📸 [175/200] E:\RISETCPS\ml_boostify\ml\dataset\raw\daffa\img_0175.jpg
[2026-05-09 10:19:10] [INFO] [collect_faces]   📸 [176/200] E:\RISETCPS\ml_boostify\ml\dataset\raw\daffa\img_0176.jpg
[2026-05-09 10:19:10] [INFO] [collect_faces]   📸 [177/200] E:\RISETCPS\ml_boostify\ml\dataset\raw\daffa\img_0177.jpg
[2026-05-09 10:19:11] [INFO] [collect_faces]   📸 [178/200] E:\RISETCPS\ml_boostify\ml\dataset\raw\daffa\img_0178.jpg
[2026-05-09 10:19:11] [INFO] [collect_faces]   📸 [179/200] E:\RISETCPS\ml_boostify\ml\dataset\raw\daffa\img_0179.jpg
[2026-05-09 10:19:12] [INFO] [collect_faces]   📸 [180/200] E:\RISETCPS\ml_boostify\ml\dataset\raw\daffa\img_0180.jpg
[2026-05-09 10:19:12] [INFO] [collect_faces]   📸 [181/200] E:\RISETCPS\ml_boostify\ml\dataset\raw\daffa\img_0181.jpg
[2026-05-09 10:19:13] [INFO] [collect_faces]   📸 [182/200] E:\RISETCPS\ml_boostify\ml\dataset\raw\daffa\img_0182.jpg
[2026-05-09 10:19:13] [INFO] [collect_faces]   📸 [183/200] E:\RISETCPS\ml_boostify\ml\dataset\raw\daffa\img_0183.jpg
[2026-05-09 10:19:14] [INFO] [collect_faces]   📸 [184/200] E:\RISETCPS\ml_boostify\ml\dataset\raw\daffa\img_0184.jpg
[2026-05-09 10:19:14] [INFO] [collect_faces]   📸 [185/200] E:\RISETCPS\ml_boostify\ml\dataset\raw\daffa\img_0185.jpg
[2026-05-09 10:19:15] [INFO] [collect_faces]   📸 [186/200] E:\RISETCPS\ml_boostify\ml\dataset\raw\daffa\img_0186.jpg
[2026-05-09 10:19:16] [INFO] [collect_faces]   📸 [187/200] E:\RISETCPS\ml_boostify\ml\dataset\raw\daffa\img_0187.jpg
[2026-05-09 10:19:16] [INFO] [collect_faces]   📸 [188/200] E:\RISETCPS\ml_boostify\ml\dataset\raw\daffa\img_0188.jpg
[2026-05-09 10:19:17] [INFO] [collect_faces]   📸 [189/200] E:\RISETCPS\ml_boostify\ml\dataset\raw\daffa\img_0189.jpg
[2026-05-09 10:19:17] [INFO] [collect_faces]   📸 [190/200] E:\RISETCPS\ml_boostify\ml\dataset\raw\daffa\img_0190.jpg
[2026-05-09 10:19:18] [INFO] [collect_faces]   📸 [191/200] E:\RISETCPS\ml_boostify\ml\dataset\raw\daffa\img_0191.jpg
[2026-05-09 10:19:18] [INFO] [collect_faces]   📸 [192/200] E:\RISETCPS\ml_boostify\ml\dataset\raw\daffa\img_0192.jpg
[2026-05-09 10:19:19] [INFO] [collect_faces]   📸 [193/200] E:\RISETCPS\ml_boostify\ml\dataset\raw\daffa\img_0193.jpg
[2026-05-09 10:19:19] [INFO] [collect_faces]   📸 [194/200] E:\RISETCPS\ml_boostify\ml\dataset\raw\daffa\img_0194.jpg
[2026-05-09 10:19:20] [INFO] [collect_faces]   📸 [195/200] E:\RISETCPS\ml_boostify\ml\dataset\raw\daffa\img_0195.jpg
[2026-05-09 10:19:20] [INFO] [collect_faces]   📸 [196/200] E:\RISETCPS\ml_boostify\ml\dataset\raw\daffa\img_0196.jpg
[2026-05-09 10:19:21] [INFO] [collect_faces]   📸 [197/200] E:\RISETCPS\ml_boostify\ml\dataset\raw\daffa\img_0197.jpg
[2026-05-09 10:19:21] [INFO] [collect_faces]   📸 [198/200] E:\RISETCPS\ml_boostify\ml\dataset\raw\daffa\img_0198.jpg
[2026-05-09 10:19:22] [INFO] [collect_faces]   📸 [199/200] E:\RISETCPS\ml_boostify\ml\dataset\raw\daffa\img_0199.jpg
[2026-05-09 10:19:22] [INFO] [collect_faces]   📸 [200/200] E:\RISETCPS\ml_boostify\ml\dataset\raw\daffa\img_0200.jpg
[2026-05-09 10:19:23] [INFO] [collect_faces] 
✅ Selesai! Total foto terkumpul: 200
[2026-05-09 10:19:23] [INFO] [collect_faces] Foto sudah cukup. Sekarang jalankan:
[2026-05-09 10:19:23] [INFO] [collect_faces]   1. python preprocess.py
[2026-05-09 10:19:23] [INFO] [collect_faces]   2. python train.py
[2026-05-09 10:19:40] [INFO] [preprocess] 🚀 Mulai preprocessing dataset Boostify ...
[2026-05-09 10:19:40] [INFO] [preprocess] Ditemukan 1 orang: ['daffa']
[2026-05-09 10:19:40] [INFO] [preprocess] [daffa] Memproses 200 foto ...
[2026-05-09 10:20:08] [INFO] [preprocess]   [daffa] ✅ Tersimpan: 1200 | ❌ Gagal: 0
[2026-05-09 10:20:08] [INFO] [preprocess] 
==================================================
[2026-05-09 10:20:08] [INFO] [preprocess] PREPROCESSING SELESAI
[2026-05-09 10:20:08] [INFO] [preprocess] Total foto berhasil diproses : 1200
[2026-05-09 10:20:08] [INFO] [preprocess] Total foto gagal             : 0
[2026-05-09 10:20:08] [INFO] [preprocess] Output di: E:\RISETCPS\ml_boostify\ml\dataset\processed
[2026-05-09 10:20:43] [INFO] [train] Loading model ArcFace (pertama kali mungkin download ~100MB) ...
[2026-05-09 10:20:51] [INFO] [train] 
Mulai training untuk 1 orang ...

[2026-05-09 10:20:51] [INFO] [train] [daffa] Mengekstrak embedding dari 1200 foto ...
[2026-05-09 10:31:07] [INFO] [train]   [daffa] ✅ Berhasil: 1200 | ❌ Gagal: 0 | Embedding shape: (512,)
[2026-05-09 10:31:07] [INFO] [train] 
==================================================
[2026-05-09 10:31:07] [INFO] [train] ✅ TRAINING SELESAI
[2026-05-09 10:31:07] [INFO] [train] Total orang terdaftar : 1
[2026-05-09 10:31:07] [INFO] [train] Nama terdaftar        : ['daffa']
[2026-05-09 10:31:07] [INFO] [train] File embedding        : E:\RISETCPS\ml_boostify\ml\models\embeddings.pkl
[2026-05-09 10:31:07] [INFO] [train] File labels           : E:\RISETCPS\ml_boostify\ml\models\labels.pkl
[2026-05-09 10:31:07] [INFO] [train] ==================================================
[2026-05-09 10:31:07] [INFO] [train] Sekarang copy folder models/ ke Raspberry Pi.
[2026-05-09 10:31:17] [INFO] [predict] Test predict.py — Mode Realtime
[2026-05-09 10:31:17] [INFO] [predict] Inisialisasi FaceRecognizer ...
[2026-05-09 10:31:17] [INFO] [predict] Database dimuat: ['daffa']
[2026-05-09 10:31:25] [INFO] [predict] Loading model ArcFace (mungkin butuh beberapa detik) ...
[2026-05-09 10:31:27] [INFO] [predict] Model ArcFace siap.
[2026-05-09 10:31:27] [INFO] [predict] ✅ FaceRecognizer siap. 1 orang terdaftar.
[2026-05-09 10:31:28] [INFO] [predict] Kamera aktif. Tekan 'q' untuk keluar.
[2026-05-09 10:33:58] [INFO] [predict] Test predict.py — Realtime Recognition
[2026-05-09 10:33:58] [INFO] [predict] Inisialisasi FaceRecognizer ...
[2026-05-09 10:34:06] [INFO] [predict] Model ArcFace dimuat.
[2026-05-09 10:34:06] [INFO] [predict] Siap. 1 orang terdaftar: ['daffa']
[2026-05-09 10:34:07] [INFO] [predict] Kamera aktif. Tekan Q untuk keluar.
[2026-05-09 10:36:13] [INFO] [predict] Test predict.py — Realtime Recognition
[2026-05-09 10:36:13] [INFO] [predict] Inisialisasi FaceRecognizer ...
[2026-05-09 10:36:24] [INFO] [predict] Model ArcFace dimuat.
[2026-05-09 10:36:24] [INFO] [predict] Siap. 1 orang terdaftar: ['daffa']
[2026-05-09 10:36:25] [INFO] [predict] Kamera aktif. Tekan Q untuk keluar.
[2026-05-09 10:37:57] [INFO] [predict] Test predict.py — Realtime Recognition
[2026-05-09 10:37:57] [INFO] [predict] Inisialisasi FaceRecognizer ...
[2026-05-09 10:38:06] [INFO] [predict] Model ArcFace dimuat.
[2026-05-09 10:38:06] [INFO] [predict] Siap. 1 orang terdaftar: ['daffa']
[2026-05-09 10:38:08] [INFO] [predict] Kamera aktif. Tekan Q untuk keluar.
[2026-05-09 10:38:13] [INFO] [predict] ABSEN: daffa | confidence: 0.727
[2026-05-09 10:38:17] [INFO] [predict] ABSEN: daffa | confidence: 0.686
[2026-05-09 10:38:20] [INFO] [predict] ABSEN: daffa | confidence: 0.661
[2026-05-09 10:38:24] [INFO] [predict] ABSEN: daffa | confidence: 0.730
[2026-05-09 10:38:27] [INFO] [predict] ABSEN: daffa | confidence: 0.717
[2026-05-09 10:38:31] [INFO] [predict] ABSEN: daffa | confidence: 0.713
[2026-05-09 10:38:34] [INFO] [predict] ABSEN: daffa | confidence: 0.696
[2026-05-09 10:38:38] [INFO] [predict] ABSEN: daffa | confidence: 0.644
[2026-05-09 10:38:43] [INFO] [predict] ABSEN: daffa | confidence: 0.688
[2026-05-09 10:38:46] [INFO] [predict] ABSEN: daffa | confidence: 0.679
[2026-05-09 10:38:50] [INFO] [predict] ABSEN: daffa | confidence: 0.743
[2026-05-09 10:38:53] [INFO] [predict] ABSEN: daffa | confidence: 0.731
[2026-05-09 10:38:57] [INFO] [predict] ABSEN: daffa | confidence: 0.637
[2026-05-09 10:39:01] [INFO] [predict] ABSEN: daffa | confidence: 0.671
[2026-05-09 10:40:02] [INFO] [evaluate] 🧪 Mulai evaluasi model Boostify ...
[2026-05-09 10:40:02] [ERROR] [evaluate] Folder test tidak ditemukan: E:\RISETCPS\ml_boostify\ml\dataset\test
[2026-05-09 10:40:02] [INFO] [evaluate] Buat folder: ml/dataset/test/[nama]/ lalu isi foto test.
[2026-05-09 10:47:02] [INFO] [collect_faces] Mengumpulkan foto untuk: test_daffa_temp
[2026-05-09 10:47:02] [INFO] [collect_faces] Foto sudah ada: 0 | Target: 20
[2026-05-09 10:47:02] [INFO] [collect_faces] Simpan ke: E:\RISETCPS\ml_boostify\ml\dataset\raw\test_daffa_temp
[2026-05-09 10:47:04] [INFO] [collect_faces] 
Kontrol:
[2026-05-09 10:47:04] [INFO] [collect_faces]   SPACE → Ambil foto
[2026-05-09 10:47:04] [INFO] [collect_faces]   A     → Toggle auto-capture
[2026-05-09 10:47:04] [INFO] [collect_faces]   Q     → Selesai

[2026-05-09 10:47:13] [INFO] [collect_faces] Auto-capture: ON
[2026-05-09 10:47:13] [INFO] [collect_faces]   📸 [1/20] E:\RISETCPS\ml_boostify\ml\dataset\raw\test_daffa_temp\img_0001.jpg
[2026-05-09 10:47:13] [INFO] [collect_faces]   📸 [2/20] E:\RISETCPS\ml_boostify\ml\dataset\raw\test_daffa_temp\img_0002.jpg
[2026-05-09 10:47:14] [INFO] [collect_faces]   📸 [3/20] E:\RISETCPS\ml_boostify\ml\dataset\raw\test_daffa_temp\img_0003.jpg
[2026-05-09 10:47:14] [INFO] [collect_faces]   📸 [4/20] E:\RISETCPS\ml_boostify\ml\dataset\raw\test_daffa_temp\img_0004.jpg
[2026-05-09 10:47:15] [INFO] [collect_faces]   📸 [5/20] E:\RISETCPS\ml_boostify\ml\dataset\raw\test_daffa_temp\img_0005.jpg
[2026-05-09 10:47:15] [INFO] [collect_faces]   📸 [6/20] E:\RISETCPS\ml_boostify\ml\dataset\raw\test_daffa_temp\img_0006.jpg
[2026-05-09 10:47:16] [INFO] [collect_faces]   📸 [7/20] E:\RISETCPS\ml_boostify\ml\dataset\raw\test_daffa_temp\img_0007.jpg
[2026-05-09 10:47:16] [INFO] [collect_faces]   📸 [8/20] E:\RISETCPS\ml_boostify\ml\dataset\raw\test_daffa_temp\img_0008.jpg
[2026-05-09 10:47:17] [INFO] [collect_faces]   📸 [9/20] E:\RISETCPS\ml_boostify\ml\dataset\raw\test_daffa_temp\img_0009.jpg
[2026-05-09 10:47:17] [INFO] [collect_faces]   📸 [10/20] E:\RISETCPS\ml_boostify\ml\dataset\raw\test_daffa_temp\img_0010.jpg
[2026-05-09 10:47:18] [INFO] [collect_faces]   📸 [11/20] E:\RISETCPS\ml_boostify\ml\dataset\raw\test_daffa_temp\img_0011.jpg
[2026-05-09 10:47:18] [INFO] [collect_faces]   📸 [12/20] E:\RISETCPS\ml_boostify\ml\dataset\raw\test_daffa_temp\img_0012.jpg
[2026-05-09 10:47:19] [INFO] [collect_faces]   📸 [13/20] E:\RISETCPS\ml_boostify\ml\dataset\raw\test_daffa_temp\img_0013.jpg
[2026-05-09 10:47:20] [INFO] [collect_faces]   📸 [14/20] E:\RISETCPS\ml_boostify\ml\dataset\raw\test_daffa_temp\img_0014.jpg
[2026-05-09 10:47:20] [INFO] [collect_faces]   📸 [15/20] E:\RISETCPS\ml_boostify\ml\dataset\raw\test_daffa_temp\img_0015.jpg
[2026-05-09 10:47:21] [INFO] [collect_faces]   📸 [16/20] E:\RISETCPS\ml_boostify\ml\dataset\raw\test_daffa_temp\img_0016.jpg
[2026-05-09 10:47:21] [INFO] [collect_faces]   📸 [17/20] E:\RISETCPS\ml_boostify\ml\dataset\raw\test_daffa_temp\img_0017.jpg
[2026-05-09 10:47:22] [INFO] [collect_faces]   📸 [18/20] E:\RISETCPS\ml_boostify\ml\dataset\raw\test_daffa_temp\img_0018.jpg
[2026-05-09 10:47:22] [INFO] [collect_faces]   📸 [19/20] E:\RISETCPS\ml_boostify\ml\dataset\raw\test_daffa_temp\img_0019.jpg
[2026-05-09 10:47:23] [INFO] [collect_faces]   📸 [20/20] E:\RISETCPS\ml_boostify\ml\dataset\raw\test_daffa_temp\img_0020.jpg
[2026-05-09 10:47:23] [INFO] [collect_faces] 
✅ Selesai! Total foto terkumpul: 20
[2026-05-09 10:47:23] [INFO] [collect_faces] Foto sudah cukup. Sekarang jalankan:
[2026-05-09 10:47:23] [INFO] [collect_faces]   1. python preprocess.py
[2026-05-09 10:47:23] [INFO] [collect_faces]   2. python train.py
[2026-05-09 10:47:48] [INFO] [evaluate] 🧪 Mulai evaluasi model Boostify ...
[2026-05-09 10:47:48] [INFO] [evaluate] Database dimuat: ['daffa']
[2026-05-09 10:47:57] [INFO] [evaluate] Evaluasi untuk 1 orang: ['daffa']

[2026-05-09 10:47:57] [INFO] [evaluate] [daffa] Testing 20 foto ...
[2026-05-09 10:49:59] [INFO] [evaluate] Mulai evaluasi model Boostify ...
[2026-05-09 10:49:59] [INFO] [evaluate] Database: ['daffa']
[2026-05-09 10:50:09] [INFO] [evaluate] Evaluasi untuk 1 orang: ['daffa']

[2026-05-09 10:50:09] [INFO] [evaluate] [daffa] Testing 20 foto ...
[2026-05-09 10:55:35] [INFO] [train] Loading model Facenet (pertama kali mungkin download ~100MB) ...
[2026-05-09 10:55:45] [INFO] [train] 
Mulai training untuk 1 orang ...

[2026-05-09 10:55:45] [INFO] [train] [daffa] Mengekstrak embedding dari 1200 foto ...
[2026-05-09 11:09:16] [INFO] [train]   [daffa] ✅ Berhasil: 1200 | ❌ Gagal: 0 | Embedding shape: (128,)
[2026-05-09 11:09:16] [INFO] [train] 
==================================================
[2026-05-09 11:09:16] [INFO] [train] ✅ TRAINING SELESAI
[2026-05-09 11:09:16] [INFO] [train] Total orang terdaftar : 1
[2026-05-09 11:09:16] [INFO] [train] Nama terdaftar        : ['daffa']
[2026-05-09 11:09:16] [INFO] [train] File embedding        : E:\RISETCPS\ml_boostify\ml\models\embeddings.pkl
[2026-05-09 11:09:16] [INFO] [train] File labels           : E:\RISETCPS\ml_boostify\ml\models\labels.pkl
[2026-05-09 11:09:16] [INFO] [train] ==================================================
[2026-05-09 11:09:16] [INFO] [train] Sekarang copy folder models/ ke Raspberry Pi.
[2026-05-09 11:09:39] [INFO] [evaluate] Mulai evaluasi model Boostify ...
[2026-05-09 11:09:39] [INFO] [evaluate] Database: ['daffa']
[2026-05-09 11:09:51] [INFO] [evaluate] Evaluasi untuk 1 orang: ['daffa']

[2026-05-09 11:09:51] [INFO] [evaluate] [daffa] Testing 20 foto ...
[2026-05-09 11:10:29] [INFO] [predict] Test predict.py — Realtime Recognition
[2026-05-09 11:10:29] [INFO] [predict] Inisialisasi FaceRecognizer ...
[2026-05-09 11:10:37] [INFO] [predict] Model Facenet dimuat.
[2026-05-09 11:10:37] [INFO] [predict] Siap. 1 orang terdaftar: ['daffa']
[2026-05-09 11:10:39] [INFO] [predict] Kamera aktif. Tekan Q untuk keluar.
[2026-05-09 11:10:46] [INFO] [predict] ABSEN: daffa | confidence: 0.877
[2026-05-09 11:10:49] [INFO] [predict] ABSEN: daffa | confidence: 0.870
[2026-05-09 11:10:52] [INFO] [predict] ABSEN: daffa | confidence: 0.834
[2026-05-09 11:10:55] [INFO] [predict] ABSEN: daffa | confidence: 0.865
[2026-05-09 11:10:58] [INFO] [predict] ABSEN: daffa | confidence: 0.908
[2026-05-09 11:11:01] [INFO] [predict] ABSEN: daffa | confidence: 0.891
[2026-05-09 11:11:04] [INFO] [predict] ABSEN: daffa | confidence: 0.896
[2026-05-09 11:11:07] [INFO] [predict] ABSEN: daffa | confidence: 0.884
[2026-05-09 11:11:10] [INFO] [predict] ABSEN: daffa | confidence: 0.895
[2026-05-09 11:11:13] [INFO] [predict] ABSEN: daffa | confidence: 0.812
[2026-05-09 11:11:17] [INFO] [predict] ABSEN: daffa | confidence: 0.879
[2026-05-09 11:11:20] [INFO] [predict] ABSEN: daffa | confidence: 0.869
[2026-05-09 11:11:23] [INFO] [predict] ABSEN: daffa | confidence: 0.855
[2026-05-09 11:11:28] [INFO] [predict] ABSEN: daffa | confidence: 0.678
[2026-05-09 11:11:31] [INFO] [predict] ABSEN: daffa | confidence: 0.877
[2026-05-09 11:11:34] [INFO] [predict] ABSEN: daffa | confidence: 0.835
